<?xml version="1.0" encoding="UTF-8"?>
<!-- Generated by org.testng.reporters.JUnitXMLReporter -->
<testsuite ignored="0" hostname="LAPTOP-UIF2ROIV" failures="0" tests="2" name="LoginPage Test" time="13.261" errors="0" timestamp="2020-11-06T19:20:49 IST">
  <testcase classname="Academy.E2EProject.LoginPageNavigation" name="@BeforeTest beforetesting" time="13.228">
    <failure type="org.openqa.selenium.SessionNotCreatedException" message="session not created
from chrome not reachable
  (Session info: chrome=86.0.4240.183)
Build info: version: &amp;apos;3.141.59&amp;apos;, revision: &amp;apos;e82be7d358&amp;apos;, time: &amp;apos;2018-11-14T08:17:03&amp;apos;
System info: host: &amp;apos;LAPTOP-UIF2ROIV&amp;apos;, ip: &amp;apos;192.168.29.146&amp;apos;, os.name: &amp;apos;Windows 10&amp;apos;, os.arch: &amp;apos;amd64&amp;apos;, os.version: &amp;apos;10.0&amp;apos;, java.version: &amp;apos;11.0.8&amp;apos;
Driver info: driver.version: ChromeDriver
remote stacktrace: Backtrace:
	Ordinal0 [0x0067C013+3194899]
	Ordinal0 [0x00566021+2056225]
	Ordinal0 [0x003FF4B0+586928]
	Ordinal0 [0x003F5894+546964]
	Ordinal0 [0x003F5F2C+548652]
	Ordinal0 [0x003F7175+553333]
	Ordinal0 [0x003F241E+533534]
	Ordinal0 [0x00400620+591392]
	Ordinal0 [0x003A2A0C+207372]
	Ordinal0 [0x003A1D0D+204045]
	Ordinal0 [0x0039FC1B+195611]
	Ordinal0 [0x00383B7F+80767]
	Ordinal0 [0x00384B4E+84814]
	Ordinal0 [0x00384AD9+84697]
	Ordinal0 [0x0057CE64+2149988]
	GetHandleVerifier [0x007EBE95+1400773]
	GetHandleVerifier [0x007EBB61+1399953]
	GetHandleVerifier [0x007F31FA+1430314]
	GetHandleVerifier [0x007EC69F+1402831]
	Ordinal0 [0x00573D61+2112865]
	Ordinal0 [0x0057E5CB+2155979]
	Ordinal0 [0x0057E6F5+2156277]
	Ordinal0 [0x0058F26E+2224750]
	BaseThreadInitThunk [0x75D7FA29+25]
	RtlGetAppContainerNamedObjectPath [0x77C775F4+228]
	RtlGetAppContainerNamedObjectPath [0x77C775C4+180]
">
      <![CDATA[org.openqa.selenium.SessionNotCreatedException: session not created
from chrome not reachable
  (Session info: chrome=86.0.4240.183)
Build info: version: '3.141.59', revision: 'e82be7d358', time: '2018-11-14T08:17:03'
System info: host: 'LAPTOP-UIF2ROIV', ip: '192.168.29.146', os.name: 'Windows 10', os.arch: 'amd64', os.version: '10.0', java.version: '11.0.8'
Driver info: driver.version: ChromeDriver
remote stacktrace: Backtrace:
Ordinal0 [0x0067C013+3194899]
Ordinal0 [0x00566021+2056225]
Ordinal0 [0x003FF4B0+586928]
Ordinal0 [0x003F5894+546964]
Ordinal0 [0x003F5F2C+548652]
Ordinal0 [0x003F7175+553333]
Ordinal0 [0x003F241E+533534]
Ordinal0 [0x00400620+591392]
Ordinal0 [0x003A2A0C+207372]
Ordinal0 [0x003A1D0D+204045]
Ordinal0 [0x0039FC1B+195611]
Ordinal0 [0x00383B7F+80767]
Ordinal0 [0x00384B4E+84814]
Ordinal0 [0x00384AD9+84697]
Ordinal0 [0x0057CE64+2149988]
GetHandleVerifier [0x007EBE95+1400773]
GetHandleVerifier [0x007EBB61+1399953]
GetHandleVerifier [0x007F31FA+1430314]
GetHandleVerifier [0x007EC69F+1402831]
Ordinal0 [0x00573D61+2112865]
Ordinal0 [0x0057E5CB+2155979]
Ordinal0 [0x0057E6F5+2156277]
Ordinal0 [0x0058F26E+2224750]
BaseThreadInitThunk [0x75D7FA29+25]
RtlGetAppContainerNamedObjectPath [0x77C775F4+228]
RtlGetAppContainerNamedObjectPath [0x77C775C4+180]

at org.openqa.selenium.remote.W3CHandshakeResponse.lambda$errorHandler$0(W3CHandshakeResponse.java:62)
at org.openqa.selenium.remote.HandshakeResponse.lambda$getResponseFunction$0(HandshakeResponse.java:30)
at org.openqa.selenium.remote.ProtocolHandshake.lambda$createSession$0(ProtocolHandshake.java:126)
at java.base/java.util.stream.ReferencePipeline$3$1.accept(ReferencePipeline.java:195)
at java.base/java.util.Spliterators$ArraySpliterator.tryAdvance(Spliterators.java:958)
at java.base/java.util.stream.ReferencePipeline.forEachWithCancel(ReferencePipeline.java:127)
at java.base/java.util.stream.AbstractPipeline.copyIntoWithCancel(AbstractPipeline.java:502)
at java.base/java.util.stream.AbstractPipeline.copyInto(AbstractPipeline.java:488)
at java.base/java.util.stream.AbstractPipeline.wrapAndCopyInto(AbstractPipeline.java:474)
at java.base/java.util.stream.FindOps$FindOp.evaluateSequential(FindOps.java:150)
at java.base/java.util.stream.AbstractPipeline.evaluate(AbstractPipeline.java:234)
at java.base/java.util.stream.ReferencePipeline.findFirst(ReferencePipeline.java:543)
at org.openqa.selenium.remote.ProtocolHandshake.createSession(ProtocolHandshake.java:128)
at org.openqa.selenium.remote.ProtocolHandshake.createSession(ProtocolHandshake.java:74)
at org.openqa.selenium.remote.HttpCommandExecutor.execute(HttpCommandExecutor.java:136)
at org.openqa.selenium.remote.service.DriverCommandExecutor.execute(DriverCommandExecutor.java:83)
at org.openqa.selenium.remote.RemoteWebDriver.execute(RemoteWebDriver.java:552)
at org.openqa.selenium.remote.RemoteWebDriver.startSession(RemoteWebDriver.java:213)
at org.openqa.selenium.remote.RemoteWebDriver.<init>(RemoteWebDriver.java:131)
at org.openqa.selenium.chrome.ChromeDriver.<init>(ChromeDriver.java:181)
at org.openqa.selenium.chrome.ChromeDriver.<init>(ChromeDriver.java:168)
at org.openqa.selenium.chrome.ChromeDriver.<init>(ChromeDriver.java:123)
at resources.BaseClass.initializedriver(BaseClass.java:33)
at Academy.E2EProject.LoginPageNavigation.beforetesting(LoginPageNavigation.java:66)
... Removed 28 stack frames]]>
    </failure>
  </testcase> <!-- @BeforeTest beforetesting -->
  <testcase classname="Academy.E2EProject.LoginPageNavigation" name="@AfterTest aftertesting" time="-1.604670649266E9">
    <skipped/>
  </testcase> <!-- @AfterTest aftertesting -->
  <testcase classname="Academy.E2EProject.LoginPageNavigation" name="LoginPagenavigation" time="0.0">
    <skipped/>
  </testcase> <!-- LoginPagenavigation -->
  <testcase classname="Academy.E2EProject.LoginPageNavigation" name="LoginPagenavigation" time="0.0">
    <skipped/>
  </testcase> <!-- LoginPagenavigation -->
</testsuite> <!-- LoginPage Test -->
