<?xml version="1.0" encoding="UTF-8"?>
<testng-results ignored="0" total="4" passed="3" failed="1" skipped="0">
  <reporter-output>
  </reporter-output>
  <suite started-at="2020-11-06T18:45:25 IST" name="Suite" finished-at="2020-11-06T18:45:55 IST" duration-ms="30118">
    <groups>
    </groups>
    <test started-at="2020-11-06T18:45:25 IST" name="LandingPage Test" finished-at="2020-11-06T18:45:31 IST" duration-ms="6259">
      <class name="Academy.E2EProject.landingpageNavigation">
        <test-method is-config="true" signature="beforetesting()[pri:0, instance:Academy.E2EProject.landingpageNavigation@226642a5]" started-at="2020-11-06T18:45:25 IST" name="beforetesting" finished-at="2020-11-06T18:45:31 IST" duration-ms="6059" status="PASS">
          <reporter-output>
          </reporter-output>
        </test-method> <!-- beforetesting -->
        <test-method signature="landingPagenavigation()[pri:0, instance:Academy.E2EProject.landingpageNavigation@226642a5]" started-at="2020-11-06T18:45:31 IST" name="landingPagenavigation" finished-at="2020-11-06T18:45:31 IST" duration-ms="99" status="PASS">
          <reporter-output>
          </reporter-output>
        </test-method> <!-- landingPagenavigation -->
        <test-method is-config="true" signature="aftertesting()[pri:0, instance:Academy.E2EProject.landingpageNavigation@226642a5]" started-at="2020-11-06T18:45:31 IST" name="aftertesting" finished-at="2020-11-06T18:45:31 IST" duration-ms="69" status="PASS">
          <reporter-output>
          </reporter-output>
        </test-method> <!-- aftertesting -->
      </class> <!-- Academy.E2EProject.landingpageNavigation -->
    </test> <!-- LandingPage Test -->
    <test started-at="2020-11-06T18:45:31 IST" name="LoginPage Test" finished-at="2020-11-06T18:45:49 IST" duration-ms="17660">
      <class name="Academy.E2EProject.LoginPageNavigation">
        <test-method is-config="true" signature="beforetesting()[pri:0, instance:Academy.E2EProject.LoginPageNavigation@51df223b]" started-at="2020-11-06T18:45:31 IST" name="beforetesting" finished-at="2020-11-06T18:45:37 IST" duration-ms="5137" status="PASS">
          <reporter-output>
          </reporter-output>
        </test-method> <!-- beforetesting -->
        <test-method signature="LoginPagenavigation(java.lang.String, java.lang.String)[pri:0, instance:Academy.E2EProject.LoginPageNavigation@51df223b]" started-at="2020-11-06T18:45:37 IST" name="LoginPagenavigation" data-provider="getdata" finished-at="2020-11-06T18:45:43 IST" duration-ms="6160" status="PASS">
          <params>
            <param index="0">
              <value>
                <![CDATA[abc1]]>
              </value>
            </param>
            <param index="1">
              <value>
                <![CDATA[pwd1]]>
              </value>
            </param>
          </params>
          <reporter-output>
          </reporter-output>
        </test-method> <!-- LoginPagenavigation -->
        <test-method signature="LoginPagenavigation(java.lang.String, java.lang.String)[pri:0, instance:Academy.E2EProject.LoginPageNavigation@51df223b]" started-at="2020-11-06T18:45:43 IST" name="LoginPagenavigation" data-provider="getdata" finished-at="2020-11-06T18:45:49 IST" duration-ms="6275" status="PASS">
          <params>
            <param index="0">
              <value>
                <![CDATA[abc2]]>
              </value>
            </param>
            <param index="1">
              <value>
                <![CDATA[pwd2]]>
              </value>
            </param>
          </params>
          <reporter-output>
          </reporter-output>
        </test-method> <!-- LoginPagenavigation -->
        <test-method is-config="true" signature="aftertesting()[pri:0, instance:Academy.E2EProject.LoginPageNavigation@51df223b]" started-at="2020-11-06T18:45:49 IST" name="aftertesting" finished-at="2020-11-06T18:45:49 IST" duration-ms="80" status="PASS">
          <reporter-output>
          </reporter-output>
        </test-method> <!-- aftertesting -->
      </class> <!-- Academy.E2EProject.LoginPageNavigation -->
    </test> <!-- LoginPage Test -->
    <test started-at="2020-11-06T18:45:49 IST" name="TitlePage Test" finished-at="2020-11-06T18:45:55 IST" duration-ms="5785">
      <class name="Academy.E2EProject.validateTitle">
        <test-method is-config="true" signature="beforetesting()[pri:0, instance:Academy.E2EProject.validateTitle@79e18e38]" started-at="2020-11-06T18:45:49 IST" name="beforetesting" finished-at="2020-11-06T18:45:54 IST" duration-ms="5140" status="PASS">
          <reporter-output>
          </reporter-output>
        </test-method> <!-- beforetesting -->
        <test-method signature="Validatetitle()[pri:0, instance:Academy.E2EProject.validateTitle@79e18e38]" started-at="2020-11-06T18:45:54 IST" name="Validatetitle" finished-at="2020-11-06T18:45:54 IST" duration-ms="35" status="FAIL">
          <exception class="java.lang.AssertionError">
            <message>
              <![CDATA[expected [FEATURED COURSES123] but found [FEATURED COURSES]]]>
            </message>
            <full-stacktrace>
              <![CDATA[java.lang.AssertionError: expected [FEATURED COURSES123] but found [FEATURED COURSES]
at org.testng.Assert.fail(Assert.java:99)
at org.testng.Assert.failNotEquals(Assert.java:1037)
at org.testng.Assert.assertEqualsImpl(Assert.java:140)
at org.testng.Assert.assertEquals(Assert.java:122)
at org.testng.Assert.assertEquals(Assert.java:629)
at org.testng.Assert.assertEquals(Assert.java:639)
at Academy.E2EProject.validateTitle.Validatetitle(validateTitle.java:28)
at java.base/jdk.internal.reflect.NativeMethodAccessorImpl.invoke0(Native Method)
at java.base/jdk.internal.reflect.NativeMethodAccessorImpl.invoke(NativeMethodAccessorImpl.java:62)
at java.base/jdk.internal.reflect.DelegatingMethodAccessorImpl.invoke(DelegatingMethodAccessorImpl.java:43)
at java.base/java.lang.reflect.Method.invoke(Method.java:566)
at org.testng.internal.MethodInvocationHelper.invokeMethod(MethodInvocationHelper.java:132)
at org.testng.internal.TestInvoker.invokeMethod(TestInvoker.java:599)
at org.testng.internal.TestInvoker.invokeTestMethod(TestInvoker.java:174)
at org.testng.internal.MethodRunner.runInSequence(MethodRunner.java:46)
at org.testng.internal.TestInvoker$MethodInvocationAgent.invoke(TestInvoker.java:822)
at org.testng.internal.TestInvoker.invokeTestMethods(TestInvoker.java:147)
at org.testng.internal.TestMethodWorker.invokeTestMethods(TestMethodWorker.java:146)
at org.testng.internal.TestMethodWorker.run(TestMethodWorker.java:128)
at java.base/java.util.ArrayList.forEach(ArrayList.java:1541)
at org.testng.TestRunner.privateRun(TestRunner.java:764)
at org.testng.TestRunner.run(TestRunner.java:585)
at org.testng.SuiteRunner.runTest(SuiteRunner.java:384)
at org.testng.SuiteRunner.runSequentially(SuiteRunner.java:378)
at org.testng.SuiteRunner.privateRun(SuiteRunner.java:337)
at org.testng.SuiteRunner.run(SuiteRunner.java:286)
at org.testng.SuiteRunnerWorker.runSuite(SuiteRunnerWorker.java:53)
at org.testng.SuiteRunnerWorker.run(SuiteRunnerWorker.java:96)
at org.testng.TestNG.runSuitesSequentially(TestNG.java:1218)
at org.testng.TestNG.runSuitesLocally(TestNG.java:1140)
at org.testng.TestNG.runSuites(TestNG.java:1069)
at org.testng.TestNG.run(TestNG.java:1037)
at org.apache.maven.surefire.testng.TestNGExecutor.run(TestNGExecutor.java:284)
at org.apache.maven.surefire.testng.TestNGXmlTestSuite.execute(TestNGXmlTestSuite.java:75)
at org.apache.maven.surefire.testng.TestNGProvider.invoke(TestNGProvider.java:119)
at org.apache.maven.surefire.booter.ForkedBooter.runSuitesInProcess(ForkedBooter.java:428)
at org.apache.maven.surefire.booter.ForkedBooter.execute(ForkedBooter.java:162)
at org.apache.maven.surefire.booter.ForkedBooter.run(ForkedBooter.java:562)
at org.apache.maven.surefire.booter.ForkedBooter.main(ForkedBooter.java:548)
]]>
            </full-stacktrace>
          </exception> <!-- java.lang.AssertionError -->
          <reporter-output>
          </reporter-output>
        </test-method> <!-- Validatetitle -->
        <test-method is-config="true" signature="aftertesting()[pri:0, instance:Academy.E2EProject.validateTitle@79e18e38]" started-at="2020-11-06T18:45:55 IST" name="aftertesting" finished-at="2020-11-06T18:45:55 IST" duration-ms="74" status="PASS">
          <reporter-output>
          </reporter-output>
        </test-method> <!-- aftertesting -->
      </class> <!-- Academy.E2EProject.validateTitle -->
    </test> <!-- TitlePage Test -->
  </suite> <!-- Suite -->
</testng-results>
